[debug] [2022-11-12T21:51:01.390Z] ----------------------------------------------------------------------
[debug] [2022-11-12T21:51:01.391Z] Command:       C:\Program Files\nodejs\node.exe C:\Users\PC\AppData\Roaming\npm\node_modules\firebase-tools\lib\bin\firebase.js init
[debug] [2022-11-12T21:51:01.391Z] CLI Version:   11.16.0
[debug] [2022-11-12T21:51:01.391Z] Platform:      win32
[debug] [2022-11-12T21:51:01.391Z] Node Version:  v16.17.0
[debug] [2022-11-12T21:51:01.392Z] Time:          Sun Nov 13 2022 02:51:01 GMT+0500 (Pakistan Standard Time)
[debug] [2022-11-12T21:51:01.392Z] ----------------------------------------------------------------------
[debug] 
[debug] [2022-11-12T21:51:01.395Z] > command requires scopes: ["email","openid","https://www.googleapis.com/auth/cloudplatformprojects.readonly","https://www.googleapis.com/auth/firebase","https://www.googleapis.com/auth/cloud-platform"]
[debug] [2022-11-12T21:51:01.396Z] > authorizing via signed-in user (bkhan52302@gmail.com)
[info] 
     ######## #### ########  ######## ########     ###     ######  ########
     ##        ##  ##     ## ##       ##     ##  ##   ##  ##       ##
     ######    ##  ########  ######   ########  #########  ######  ######
     ##        ##  ##    ##  ##       ##     ## ##     ##       ## ##
     ##       #### ##     ## ######## ########  ##     ##  ######  ########

You're about to initialize a Firebase project in this directory:

  B:\personal\chatapp\chat-app-client-latest

[info] 
=== Project Setup
[info] 
[info] First, let's associate this project directory with a Firebase project.
[info] You can create multiple project aliases by running firebase use --add, 
[info] but for now we'll just set up a default project.
[info] 
[debug] [2022-11-12T21:51:26.490Z] >>> [apiv2][query] GET https://firebase.googleapis.com/v1beta1/projects pageSize=100
[debug] [2022-11-12T21:51:27.576Z] <<< [apiv2][status] GET https://firebase.googleapis.com/v1beta1/projects 200
[debug] [2022-11-12T21:51:27.577Z] <<< [apiv2][body] GET https://firebase.googleapis.com/v1beta1/projects [omitted]
[debug] [2022-11-12T21:51:56.081Z] ----------------------------------------------------------------------
[debug] [2022-11-12T21:51:56.082Z] Command:       C:\Program Files\nodejs\node.exe C:\Users\PC\AppData\Roaming\npm\node_modules\firebase-tools\lib\bin\firebase.js init
[debug] [2022-11-12T21:51:56.082Z] CLI Version:   11.16.0
[debug] [2022-11-12T21:51:56.082Z] Platform:      win32
[debug] [2022-11-12T21:51:56.082Z] Node Version:  v16.17.0
[debug] [2022-11-12T21:51:56.082Z] Time:          Sun Nov 13 2022 02:51:56 GMT+0500 (Pakistan Standard Time)
[debug] [2022-11-12T21:51:56.083Z] ----------------------------------------------------------------------
[debug] 
[debug] [2022-11-12T21:51:56.086Z] > command requires scopes: ["email","openid","https://www.googleapis.com/auth/cloudplatformprojects.readonly","https://www.googleapis.com/auth/firebase","https://www.googleapis.com/auth/cloud-platform"]
[debug] [2022-11-12T21:51:56.086Z] > authorizing via signed-in user (bkhan52302@gmail.com)
[info] 
     ######## #### ########  ######## ########     ###     ######  ########
     ##        ##  ##     ## ##       ##     ##  ##   ##  ##       ##
     ######    ##  ########  ######   ########  #########  ######  ######
     ##        ##  ##    ##  ##       ##     ## ##     ##       ## ##
     ##       #### ##     ## ######## ########  ##     ##  ######  ########

You're about to initialize a Firebase project in this directory:

  B:\personal\chatapp\chat-app-client-latest

[info] 
=== Project Setup
[info] 
[info] First, let's associate this project directory with a Firebase project.
[info] You can create multiple project aliases by running firebase use --add, 
[info] but for now we'll just set up a default project.
[info] 
[info] i  If you want to create a project in a Google Cloud organization or folder, please use "firebase projects:create" instead, and return to this command when you've created the project. 
[debug] [2022-11-12T21:52:21.041Z] >>> [apiv2][query] POST https://cloudresourcemanager.googleapis.com/v1/projects [none]
[debug] [2022-11-12T21:52:21.041Z] >>> [apiv2][body] POST https://cloudresourcemanager.googleapis.com/v1/projects {"projectId":"whatsapp","name":"whatsapp"}
[debug] [2022-11-12T21:52:23.104Z] <<< [apiv2][status] POST https://cloudresourcemanager.googleapis.com/v1/projects 409
[debug] [2022-11-12T21:52:23.105Z] <<< [apiv2][body] POST https://cloudresourcemanager.googleapis.com/v1/projects {"error":{"code":409,"message":"Requested entity already exists","status":"ALREADY_EXISTS"}}
[debug] [2022-11-12T21:52:23.814Z] FirebaseError: HTTP Error: 409, Requested entity already exists
    at responseToError (C:\Users\PC\AppData\Roaming\npm\node_modules\firebase-tools\lib\responseToError.js:49:12)
    at RetryOperation._fn (C:\Users\PC\AppData\Roaming\npm\node_modules\firebase-tools\lib\apiv2.js:288:77)
    at processTicksAndRejections (node:internal/process/task_queues:96:5)
[error] 
[error] Error: Failed to create project because there is already a project with ID whatsapp. Please try again with a unique project ID.
[debug] [2022-11-12T21:52:33.398Z] ----------------------------------------------------------------------
[debug] [2022-11-12T21:52:33.399Z] Command:       C:\Program Files\nodejs\node.exe C:\Users\PC\AppData\Roaming\npm\node_modules\firebase-tools\lib\bin\firebase.js init
[debug] [2022-11-12T21:52:33.399Z] CLI Version:   11.16.0
[debug] [2022-11-12T21:52:33.399Z] Platform:      win32
[debug] [2022-11-12T21:52:33.399Z] Node Version:  v16.17.0
[debug] [2022-11-12T21:52:33.400Z] Time:          Sun Nov 13 2022 02:52:33 GMT+0500 (Pakistan Standard Time)
[debug] [2022-11-12T21:52:33.400Z] ----------------------------------------------------------------------
[debug] 
[debug] [2022-11-12T21:52:33.403Z] > command requires scopes: ["email","openid","https://www.googleapis.com/auth/cloudplatformprojects.readonly","https://www.googleapis.com/auth/firebase","https://www.googleapis.com/auth/cloud-platform"]
[debug] [2022-11-12T21:52:33.404Z] > authorizing via signed-in user (bkhan52302@gmail.com)
[info] 
     ######## #### ########  ######## ########     ###     ######  ########
     ##        ##  ##     ## ##       ##     ##  ##   ##  ##       ##
     ######    ##  ########  ######   ########  #########  ######  ######
     ##        ##  ##    ##  ##       ##     ## ##     ##       ## ##
     ##       #### ##     ## ######## ########  ##     ##  ######  ########

You're about to initialize a Firebase project in this directory:

  B:\personal\chatapp\chat-app-client-latest

[info] 
=== Project Setup
[info] 
[info] First, let's associate this project directory with a Firebase project.
[info] You can create multiple project aliases by running firebase use --add, 
[info] but for now we'll just set up a default project.
[info] 
[info] i  If you want to create a project in a Google Cloud organization or folder, please use "firebase projects:create" instead, and return to this command when you've created the project. 
[debug] [2022-11-12T21:52:50.332Z] >>> [apiv2][query] POST https://cloudresourcemanager.googleapis.com/v1/projects [none]
[debug] [2022-11-12T21:52:50.333Z] >>> [apiv2][body] POST https://cloudresourcemanager.googleapis.com/v1/projects {"projectId":"whatsappclone","name":"whatsappclone"}
[debug] [2022-11-12T21:52:52.211Z] <<< [apiv2][status] POST https://cloudresourcemanager.googleapis.com/v1/projects 409
[debug] [2022-11-12T21:52:52.212Z] <<< [apiv2][body] POST https://cloudresourcemanager.googleapis.com/v1/projects {"error":{"code":409,"message":"Requested entity already exists","status":"ALREADY_EXISTS"}}
[debug] [2022-11-12T21:52:52.898Z] FirebaseError: HTTP Error: 409, Requested entity already exists
    at responseToError (C:\Users\PC\AppData\Roaming\npm\node_modules\firebase-tools\lib\responseToError.js:49:12)
    at RetryOperation._fn (C:\Users\PC\AppData\Roaming\npm\node_modules\firebase-tools\lib\apiv2.js:288:77)
    at processTicksAndRejections (node:internal/process/task_queues:96:5)
[error] 
[error] Error: Failed to create project because there is already a project with ID whatsappclone. Please try again with a unique project ID.
[debug] [2022-11-12T21:53:01.651Z] ----------------------------------------------------------------------
[debug] [2022-11-12T21:53:01.652Z] Command:       C:\Program Files\nodejs\node.exe C:\Users\PC\AppData\Roaming\npm\node_modules\firebase-tools\lib\bin\firebase.js init
[debug] [2022-11-12T21:53:01.652Z] CLI Version:   11.16.0
[debug] [2022-11-12T21:53:01.652Z] Platform:      win32
[debug] [2022-11-12T21:53:01.652Z] Node Version:  v16.17.0
[debug] [2022-11-12T21:53:01.653Z] Time:          Sun Nov 13 2022 02:53:01 GMT+0500 (Pakistan Standard Time)
[debug] [2022-11-12T21:53:01.653Z] ----------------------------------------------------------------------
[debug] 
[debug] [2022-11-12T21:53:01.657Z] > command requires scopes: ["email","openid","https://www.googleapis.com/auth/cloudplatformprojects.readonly","https://www.googleapis.com/auth/firebase","https://www.googleapis.com/auth/cloud-platform"]
[debug] [2022-11-12T21:53:01.657Z] > authorizing via signed-in user (bkhan52302@gmail.com)
[info] 
     ######## #### ########  ######## ########     ###     ######  ########
     ##        ##  ##     ## ##       ##     ##  ##   ##  ##       ##
     ######    ##  ########  ######   ########  #########  ######  ######
     ##        ##  ##    ##  ##       ##     ## ##     ##       ## ##
     ##       #### ##     ## ######## ########  ##     ##  ######  ########

You're about to initialize a Firebase project in this directory:

  B:\personal\chatapp\chat-app-client-latest

[info] 
=== Project Setup
[info] 
[info] First, let's associate this project directory with a Firebase project.
[info] You can create multiple project aliases by running firebase use --add, 
[info] but for now we'll just set up a default project.
[info] 
[info] i  If you want to create a project in a Google Cloud organization or folder, please use "firebase projects:create" instead, and return to this command when you've created the project. 
[debug] [2022-11-12T21:53:22.260Z] >>> [apiv2][query] POST https://cloudresourcemanager.googleapis.com/v1/projects [none]
[debug] [2022-11-12T21:53:22.261Z] >>> [apiv2][body] POST https://cloudresourcemanager.googleapis.com/v1/projects {"projectId":"whatsapp-front","name":"whatsapp-front"}
[debug] [2022-11-12T21:53:24.130Z] <<< [apiv2][status] POST https://cloudresourcemanager.googleapis.com/v1/projects 409
[debug] [2022-11-12T21:53:24.130Z] <<< [apiv2][body] POST https://cloudresourcemanager.googleapis.com/v1/projects {"error":{"code":409,"message":"Requested entity already exists","status":"ALREADY_EXISTS"}}
[debug] [2022-11-12T21:53:24.810Z] FirebaseError: HTTP Error: 409, Requested entity already exists
    at responseToError (C:\Users\PC\AppData\Roaming\npm\node_modules\firebase-tools\lib\responseToError.js:49:12)
    at RetryOperation._fn (C:\Users\PC\AppData\Roaming\npm\node_modules\firebase-tools\lib\apiv2.js:288:77)
    at processTicksAndRejections (node:internal/process/task_queues:96:5)
[error] 
[error] Error: Failed to create project because there is already a project with ID whatsapp-front. Please try again with a unique project ID.
